[2022-01-15 19:39:17 /
][2022-01-15 19:39:22 /
][2022-01-15 19:39:23 /
][2022-01-15 19:39:25 /
][2022-01-15 19:44:46 /
][2022-01-15 19:44:52 /
][2022-01-15 19:44:53 /
][2022-01-15 19:45:02 /admin
][2022-01-15 19:45:06 /666
][2022-01-15 19:45:13 /404
][2022-01-15 19:57:59 /404
][2022-01-15 19:58:00 /404
][2022-01-15 19:58:04 /
][2022-01-15 19:58:16 /admin
][2022-01-15 20:00:54 /admin
][2022-01-15 20:00:54 /login
][2022-01-15 20:01:02 /login%20=1
][2022-01-15 20:01:20 /admin&admin=1
][2022-01-15 20:01:26 /admin=1
][2022-01-15 20:01:49 /setting?admin=1
]